<?xml version="1.0" encoding="UTF-8"?>
<testsuite name="BagMainTest" tests="2" skipped="0" failures="0" errors="0" timestamp="2022-10-07T01:31:01" hostname="sunny-zenbookux433faux433fa" time="0.001">
  <properties/>
  <testcase name="TestEnhanceBagsTrue" classname="BagMainTest" time="0.001"/>
  <testcase name="TestEnhanceBagsFalse" classname="BagMainTest" time="0.0"/>
  <system-out><![CDATA[]]></system-out>
  <system-err><![CDATA[]]></system-err>
</testsuite>
